D:\OF_V0.8.4_VS_RELEASE\APPS\MYAPPS\SONARBUBBLES\OBJ\DEBUG\OFXLABEL.OBJ
D:\OF_V0.8.4_VS_RELEASE\APPS\MYAPPS\SONARBUBBLES\OBJ\DEBUG\OFXPANEL.OBJ
D:\OF_V0.8.4_VS_RELEASE\APPS\MYAPPS\SONARBUBBLES\OBJ\DEBUG\OFXSLIDER.OBJ
D:\OF_V0.8.4_VS_RELEASE\APPS\MYAPPS\SONARBUBBLES\OBJ\DEBUG\OFXSLIDERGROUP.OBJ
D:\OF_V0.8.4_VS_RELEASE\APPS\MYAPPS\SONARBUBBLES\OBJ\DEBUG\OFXTOGGLE.OBJ
D:\OF_V0.8.4_VS_RELEASE\APPS\MYAPPS\SONARBUBBLES\OBJ\DEBUG\OFXCVCOLORIMAGE.OBJ
D:\OF_V0.8.4_VS_RELEASE\APPS\MYAPPS\SONARBUBBLES\OBJ\DEBUG\OFXCVCONTOURFINDER.OBJ
D:\OF_V0.8.4_VS_RELEASE\APPS\MYAPPS\SONARBUBBLES\OBJ\DEBUG\OFXCVFLOATIMAGE.OBJ
D:\OF_V0.8.4_VS_RELEASE\APPS\MYAPPS\SONARBUBBLES\OBJ\DEBUG\OFXCVGRAYSCALEIMAGE.OBJ
D:\OF_V0.8.4_VS_RELEASE\APPS\MYAPPS\SONARBUBBLES\OBJ\DEBUG\OFXCVHAARFINDER.OBJ
D:\OF_V0.8.4_VS_RELEASE\APPS\MYAPPS\SONARBUBBLES\OBJ\DEBUG\OFXCVIMAGE.OBJ
D:\OF_V0.8.4_VS_RELEASE\APPS\MYAPPS\SONARBUBBLES\OBJ\DEBUG\OFXCVSHORTIMAGE.OBJ
D:\OF_V0.8.4_VS_RELEASE\APPS\MYAPPS\SONARBUBBLES\OBJ\DEBUG\OFXXMLSETTINGS.OBJ
D:\OF_V0.8.4_VS_RELEASE\APPS\MYAPPS\SONARBUBBLES\OBJ\DEBUG\TINYXML.OBJ
D:\OF_V0.8.4_VS_RELEASE\APPS\MYAPPS\SONARBUBBLES\OBJ\DEBUG\TINYXMLERROR.OBJ
D:\OF_V0.8.4_VS_RELEASE\APPS\MYAPPS\SONARBUBBLES\OBJ\DEBUG\TINYXMLPARSER.OBJ
D:\OF_V0.8.4_VS_RELEASE\APPS\MYAPPS\SONARBUBBLES\OBJ\DEBUG\OFXANIMATABLE.OBJ
D:\OF_V0.8.4_VS_RELEASE\APPS\MYAPPS\SONARBUBBLES\OBJ\DEBUG\OFXANIMATABLEFLOAT.OBJ
D:\OF_V0.8.4_VS_RELEASE\APPS\MYAPPS\SONARBUBBLES\OBJ\DEBUG\OFXANIMATABLEOFCOLOR.OBJ
D:\OF_V0.8.4_VS_RELEASE\APPS\MYAPPS\SONARBUBBLES\OBJ\DEBUG\OFXANIMATABLEOFPOINT.OBJ
D:\OF_V0.8.4_VS_RELEASE\APPS\MYAPPS\SONARBUBBLES\OBJ\DEBUG\MAIN.OBJ
D:\OF_V0.8.4_VS_RELEASE\APPS\MYAPPS\SONARBUBBLES\OBJ\DEBUG\OFAPP.OBJ
D:\OF_V0.8.4_VS_RELEASE\APPS\MYAPPS\SONARBUBBLES\OBJ\DEBUG\OFXBASEGUI.OBJ
D:\OF_V0.8.4_VS_RELEASE\APPS\MYAPPS\SONARBUBBLES\OBJ\DEBUG\OFXBUTTON.OBJ
D:\OF_V0.8.4_VS_RELEASE\APPS\MYAPPS\SONARBUBBLES\OBJ\DEBUG\OFXGUIGROUP.OBJ
D:\OF_V0.8.4_VS_RELEASE\APPS\MYAPPS\SONARBUBBLES\OBJ\DEBUG\VC110.PDB
D:\OF_V0.8.4_VS_RELEASE\APPS\MYAPPS\SONARBUBBLES\OBJ\DEBUG\ICON.RES
D:\of_v0.8.4_vs_release\apps\myApps\sonarBubbles\obj\Debug\main.obj
D:\of_v0.8.4_vs_release\apps\myApps\sonarBubbles\obj\Debug\ofApp.obj
D:\of_v0.8.4_vs_release\apps\myApps\sonarBubbles\obj\Debug\ofxAnimatable.obj
D:\of_v0.8.4_vs_release\apps\myApps\sonarBubbles\obj\Debug\ofxAnimatableFloat.obj
D:\of_v0.8.4_vs_release\apps\myApps\sonarBubbles\obj\Debug\ofxAnimatableOfColor.obj
D:\of_v0.8.4_vs_release\apps\myApps\sonarBubbles\obj\Debug\ofxAnimatableOfPoint.obj
D:\of_v0.8.4_vs_release\apps\myApps\sonarBubbles\obj\Debug\ofxBaseGui.obj
D:\of_v0.8.4_vs_release\apps\myApps\sonarBubbles\obj\Debug\ofxButton.obj
D:\of_v0.8.4_vs_release\apps\myApps\sonarBubbles\obj\Debug\ofxCvColorImage.obj
D:\of_v0.8.4_vs_release\apps\myApps\sonarBubbles\obj\Debug\ofxCvContourFinder.obj
D:\of_v0.8.4_vs_release\apps\myApps\sonarBubbles\obj\Debug\ofxCvFloatImage.obj
D:\of_v0.8.4_vs_release\apps\myApps\sonarBubbles\obj\Debug\ofxCvGrayscaleImage.obj
D:\of_v0.8.4_vs_release\apps\myApps\sonarBubbles\obj\Debug\ofxCvHaarFinder.obj
D:\of_v0.8.4_vs_release\apps\myApps\sonarBubbles\obj\Debug\ofxCvImage.obj
D:\of_v0.8.4_vs_release\apps\myApps\sonarBubbles\obj\Debug\ofxCvShortImage.obj
D:\of_v0.8.4_vs_release\apps\myApps\sonarBubbles\obj\Debug\ofxGuiGroup.obj
D:\of_v0.8.4_vs_release\apps\myApps\sonarBubbles\obj\Debug\ofxLabel.obj
D:\of_v0.8.4_vs_release\apps\myApps\sonarBubbles\obj\Debug\ofxPanel.obj
D:\of_v0.8.4_vs_release\apps\myApps\sonarBubbles\obj\Debug\ofxSlider.obj
D:\of_v0.8.4_vs_release\apps\myApps\sonarBubbles\obj\Debug\ofxSliderGroup.obj
D:\of_v0.8.4_vs_release\apps\myApps\sonarBubbles\obj\Debug\ofxToggle.obj
D:\of_v0.8.4_vs_release\apps\myApps\sonarBubbles\obj\Debug\ofxXmlSettings.obj
D:\of_v0.8.4_vs_release\apps\myApps\sonarBubbles\obj\Debug\tinyxml.obj
D:\of_v0.8.4_vs_release\apps\myApps\sonarBubbles\obj\Debug\tinyxmlerror.obj
D:\of_v0.8.4_vs_release\apps\myApps\sonarBubbles\obj\Debug\tinyxmlparser.obj
D:\of_v0.8.4_vs_release\apps\myApps\sonarBubbles\obj\Debug\cl.command.1.tlog
D:\of_v0.8.4_vs_release\apps\myApps\sonarBubbles\obj\Debug\CL.read.1.tlog
D:\of_v0.8.4_vs_release\apps\myApps\sonarBubbles\obj\Debug\CL.write.1.tlog
D:\of_v0.8.4_vs_release\apps\myApps\sonarBubbles\obj\Debug\link-cvtres.read.1.tlog
D:\of_v0.8.4_vs_release\apps\myApps\sonarBubbles\obj\Debug\link-cvtres.write.1.tlog
D:\of_v0.8.4_vs_release\apps\myApps\sonarBubbles\obj\Debug\link-rc.read.1.tlog
D:\of_v0.8.4_vs_release\apps\myApps\sonarBubbles\obj\Debug\link-rc.write.1.tlog
D:\of_v0.8.4_vs_release\apps\myApps\sonarBubbles\obj\Debug\link.command.1.tlog
D:\of_v0.8.4_vs_release\apps\myApps\sonarBubbles\obj\Debug\link.read.1.tlog
D:\of_v0.8.4_vs_release\apps\myApps\sonarBubbles\obj\Debug\link.write.1.tlog
D:\of_v0.8.4_vs_release\apps\myApps\sonarBubbles\obj\Debug\rc.command.1.tlog
D:\of_v0.8.4_vs_release\apps\myApps\sonarBubbles\obj\Debug\rc.read.1.tlog
D:\of_v0.8.4_vs_release\apps\myApps\sonarBubbles\obj\Debug\rc.write.1.tlog
D:\of_v0.8.4_vs_release\apps\myApps\sonarBubbles\obj\Debug\icon.res
D:\of_v0.8.4_vs_release\apps\myApps\sonarBubbles\obj\Debug\vc110.idb
D:\of_v0.8.4_vs_release\apps\myApps\sonarBubbles\obj\Debug\vc110.pdb
